2025-09-28 00:10:06, MOVE, v:1, k:enxugar, mode:PICK
2025-09-28 00:10:08, EXEC, v:1, k:enxugar, mode:FULL, rate:0, size:54
2025-09-28 00:10:09, EXEC, v:1, k:enxugar, mode:FULL, rate:0
2025-09-28 00:14:22, EXEC, v:1, k:enxugar, mode:FULL, rate:0, size:57
2025-09-28 00:18:54, EXEC, v:1, k:enxugar, mode:FULL, rate:0, size:57
2025-09-28 00:18:58, EXEC, v:1, k:enxugar, mode:FULL, rate:0
2025-09-28 00:19:13, EXEC, v:1, k:enxugar, mode:FULL, rate:0, size:57
2025-09-28 00:19:26, EXEC, v:1, k:enxugar, mode:FULL, rate:40, size:57
2025-09-28 00:19:39, EXEC, v:1, k:enxugar, mode:FULL, rate:0, size:57
2025-09-28 00:19:43, EXEC, v:1, k:enxugar, mode:FULL, rate:90, size:57
2025-09-28 00:22:50, EXEC, v:1, k:enxugar, mode:FULL, rate:90, size:59
2025-09-28 00:24:51, EXEC, v:1, k:enxugar, mode:FULL, rate:100, size:59
2025-09-28 00:25:13, MOVE, v:1, k:enxugar, mode:BACK
2025-09-28 00:25:43, SELF, v:1, k:enxugar, rate:100, guide:aula, alone:2
2025-09-28 00:26:01, MOVE, v:1, k:enxugar, mode:PICK
2025-09-28 00:26:03, MOVE, v:1, k:enxugar, mode:BACK
2025-09-28 00:26:13, SELF, v:1, k:enxugar, rate:100, guide:aula, alone:2, study:30
2025-09-28 00:48:17, SELF, v:1, k:toalha, rate:100, guide:aula, alone:2, study:130
2025-09-28 00:48:17, MOVE, v:1, k:toalha, mode:PICK
2025-09-28 00:48:19, MOVE, v:1, k:toalha, mode:BACK
2025-09-28 00:49:47, SELF, v:1, k:toalha, rate:100, guide:aula, alone:2, study:130
2025-09-28 01:06:51, MOVE, v:1, k:git_pratica, mode:PICK
2025-09-28 01:06:52, MOVE, v:1, k:git_pratica, mode:BACK
2025-09-28 01:07:02, SELF, v:1, k:git_pratica, rate:100, human:amigos_namorado_discord, iagen:gpt, alone:10, study:240
2025-09-28 01:07:24, SELF, v:1, k:git_pratica, rate:100, human:amigos_namorado_discord, iagen:gpt, alone:4, study:240
2025-09-28 01:10:56, MOVE, v:1, k:animal, mode:PICK
2025-09-28 01:10:58, EXEC, v:1, k:animal, mode:FULL, rate:0, size:57
2025-09-28 01:11:11, MOVE, v:1, k:animal, mode:PICK
2025-09-28 01:11:12, EXEC, v:1, k:animal, mode:FREE
2025-09-28 01:14:13, EXEC, v:1, k:animal, mode:FULL, rate:0, size:57
2025-09-28 01:15:39, EXEC, v:1, k:animal, mode:FULL, rate:0, size:57
2025-09-28 01:16:05, EXEC, v:1, k:animal, mode:FULL, rate:0, size:57
2025-09-28 01:16:06, EXEC, v:1, k:animal, mode:FULL, rate:0
2025-09-28 01:16:06, EXEC, v:1, k:animal, mode:FULL, rate:0
2025-09-28 01:16:17, EXEC, v:1, k:animal, mode:FULL, rate:0, size:57
2025-09-28 01:16:38, EXEC, v:1, k:animal, mode:FULL, rate:0, size:57
2025-09-28 01:20:43, EXEC, v:1, k:animal, mode:FULL, rate:0, size:57
2025-09-28 01:21:31, EXEC, v:1, k:animal, mode:FULL, rate:0, size:57
2025-09-28 01:23:35, EXEC, v:1, k:animal, mode:FULL, rate:0, size:56
2025-09-28 01:26:06, EXEC, v:1, k:animal, mode:FULL, rate:0
2025-09-28 01:26:21, EXEC, v:1, k:animal, mode:FULL, rate:0, size:57
2025-09-28 01:30:11, EXEC, v:1, k:animal, mode:FULL, rate:0, size:55
2025-09-28 01:30:46, EXEC, v:1, k:animal, mode:FULL, rate:0, size:55
2025-09-28 01:30:55, EXEC, v:1, k:animal, mode:FULL, rate:0, size:55
2025-09-28 01:35:53, EXEC, v:1, k:animal, mode:FULL, rate:25, size:54
2025-09-28 01:41:23, EXEC, v:1, k:animal, mode:FULL, rate:25, size:54
2025-09-28 01:46:06, EXEC, v:1, k:animal, mode:FULL, rate:25, size:56
2025-09-28 01:46:31, EXEC, v:1, k:animal, mode:FULL, rate:25, size:56
2025-09-28 01:47:29, EXEC, v:1, k:animal, mode:FULL, rate:25, size:54
2025-09-28 01:47:46, EXEC, v:1, k:animal, mode:FULL, rate:25
2025-09-28 01:47:59, EXEC, v:1, k:animal, mode:FULL, rate:25, size:56
2025-09-28 01:48:19, EXEC, v:1, k:animal, mode:FULL, rate:0, size:56
2025-09-28 01:48:31, EXEC, v:1, k:animal, mode:FULL, rate:0, size:56
2025-09-28 01:48:43, EXEC, v:1, k:animal, mode:FULL, rate:0, size:56
2025-09-28 01:48:54, EXEC, v:1, k:animal, mode:FULL, rate:25, size:56
2025-09-28 01:49:52, EXEC, v:1, k:animal, mode:FULL, rate:25, size:56
2025-09-28 01:58:02, EXEC, v:1, k:animal, mode:FULL, rate:25, size:56
2025-09-28 02:01:49, EXEC, v:1, k:animal, mode:FULL, rate:0, size:56
2025-09-28 02:02:06, EXEC, v:1, k:animal, mode:FULL, rate:25, size:54
2025-09-28 02:02:28, EXEC, v:1, k:animal, mode:FULL, rate:25, size:56
2025-09-28 02:10:33, EXEC, v:1, k:animal, mode:FULL, rate:25, size:58
2025-09-28 02:10:39, EXEC, v:1, k:animal, mode:FULL, rate:25
2025-09-28 02:11:03, EXEC, v:1, k:animal, mode:FULL, rate:0, size:58
2025-09-28 02:11:58, EXEC, v:1, k:animal, mode:FULL, rate:25, size:58
2025-09-28 02:12:14, EXEC, v:1, k:animal, mode:FULL, rate:25, size:57
2025-09-28 02:14:10, EXEC, v:1, k:animal, mode:FULL, rate:0, size:57
2025-09-28 02:14:24, EXEC, v:1, k:animal, mode:FULL, rate:0, size:57
2025-09-28 02:15:01, EXEC, v:1, k:animal, mode:FULL, rate:25, size:57
2025-09-28 02:17:06, EXEC, v:1, k:animal, mode:FULL, rate:25
2025-09-28 02:17:15, EXEC, v:1, k:animal, mode:FULL, rate:25, size:56
2025-09-28 02:19:07, EXEC, v:1, k:animal, mode:FULL, rate:0, size:56
2025-09-28 02:19:26, EXEC, v:1, k:animal, mode:FULL, rate:25, size:55
2025-09-28 02:20:12, MOVE, v:1, k:animal, mode:PICK
2025-09-28 02:20:12, EXEC, v:1, k:animal, mode:FULL, rate:25, size:56
2025-09-28 02:20:15, EXEC, v:1, k:animal, mode:FULL, rate:25
2025-09-28 02:22:27, EXEC, v:1, k:animal, mode:FULL, rate:50, size:60
2025-09-28 02:36:08, EXEC, v:1, k:animal, mode:FULL, rate:0, size:61
2025-09-28 02:36:21, EXEC, v:1, k:animal, mode:FULL, rate:0
2025-09-28 02:38:49, EXEC, v:1, k:animal, mode:FULL, rate:50, size:62
2025-09-28 02:39:25, EXEC, v:1, k:animal, mode:FULL, rate:50, size:62
2025-09-28 02:40:32, EXEC, v:1, k:animal, mode:FULL, rate:50, size:62
2025-09-28 02:46:36, EXEC, v:1, k:animal, mode:FULL, rate:50, size:63
2025-09-28 02:47:25, EXEC, v:1, k:animal, mode:FULL, rate:100, size:63
2025-09-28 02:48:14, EXEC, v:1, k:animal, mode:FULL, rate:100, size:62
2025-09-28 03:04:41, SELF, v:1, k:animal
2025-09-28 03:04:49, MOVE, v:1, k:animal, mode:PICK
2025-09-28 03:04:51, MOVE, v:1, k:animal, mode:BACK
2025-09-28 03:06:46, SELF, v:1, k:animal, human:professor, alone:7, study:300
