2025-09-27 17:02:14, MOVE, v:1, k:toalha, mode:PICK
2025-09-27 17:02:15, EXEC, v:1, k:toalha, mode:LOCK, rate:0, size:36
2025-09-27 17:02:27, MOVE, v:1, k:toalha, mode:PICK
2025-09-27 17:02:29, EXEC, v:1, k:toalha, mode:FREE
2025-09-27 17:10:47, EXEC, v:1, k:toalha, mode:LOCK, rate:0, size:36
2025-09-27 18:11:18, EXEC, v:1, k:toalha, mode:LOCK, rate:0, size:64
2025-09-27 18:11:58, EXEC, v:1, k:toalha, mode:LOCK, rate:0, size:64
2025-09-27 18:12:10, EXEC, v:1, k:toalha, mode:LOCK, rate:0, size:64
2025-09-27 18:12:11, EXEC, v:1, k:toalha, mode:LOCK, rate:0
2025-09-27 18:12:11, EXEC, v:1, k:toalha, mode:LOCK, rate:0
2025-09-27 18:12:11, EXEC, v:1, k:toalha, mode:LOCK, rate:0
2025-09-27 18:12:12, EXEC, v:1, k:toalha, mode:LOCK, rate:0
2025-09-27 18:12:12, EXEC, v:1, k:toalha, mode:LOCK, rate:0
2025-09-27 18:12:12, EXEC, v:1, k:toalha, mode:LOCK, rate:0
2025-09-27 18:13:14, EXEC, v:1, k:toalha, mode:LOCK, rate:0, size:62
2025-09-27 18:13:15, EXEC, v:1, k:toalha, mode:LOCK, rate:0
2025-09-27 18:13:16, EXEC, v:1, k:toalha, mode:LOCK, rate:0
2025-09-27 18:13:37, EXEC, v:1, k:toalha, mode:LOCK, rate:0, size:64
2025-09-27 18:13:44, EXEC, v:1, k:toalha, mode:LOCK, rate:0, size:64
2025-09-27 18:28:33, EXEC, v:1, k:toalha, mode:LOCK, rate:0, size:70
2025-09-27 18:28:33, EXEC, v:1, k:toalha, mode:LOCK, rate:0, size:70
2025-09-27 18:28:34, EXEC, v:1, k:toalha, mode:LOCK, rate:0, size:70
2025-09-27 18:28:34, EXEC, v:1, k:toalha, mode:LOCK, rate:0, size:70
2025-09-27 18:28:34, EXEC, v:1, k:toalha, mode:LOCK, rate:0, size:70
2025-09-27 18:28:35, EXEC, v:1, k:toalha, mode:LOCK, rate:0
2025-09-27 18:28:36, EXEC, v:1, k:toalha, mode:LOCK, rate:0
2025-09-27 18:28:36, EXEC, v:1, k:toalha, mode:LOCK, rate:0
2025-09-27 18:28:36, EXEC, v:1, k:toalha, mode:LOCK, rate:0
2025-09-27 18:28:37, EXEC, v:1, k:toalha, mode:LOCK, rate:0
2025-09-27 18:28:37, EXEC, v:1, k:toalha, mode:LOCK, rate:0
2025-09-27 18:28:37, EXEC, v:1, k:toalha, mode:LOCK, rate:0
2025-09-27 18:28:37, EXEC, v:1, k:toalha, mode:LOCK, rate:0
2025-09-27 18:28:37, EXEC, v:1, k:toalha, mode:LOCK, rate:0
2025-09-27 18:28:37, EXEC, v:1, k:toalha, mode:LOCK, rate:0
2025-09-27 18:28:37, EXEC, v:1, k:toalha, mode:LOCK, rate:0
2025-09-27 18:28:37, EXEC, v:1, k:toalha, mode:LOCK, rate:0
2025-09-27 18:28:38, EXEC, v:1, k:toalha, mode:LOCK, rate:0
2025-09-27 18:28:38, EXEC, v:1, k:toalha, mode:LOCK, rate:0
2025-09-27 18:28:38, EXEC, v:1, k:toalha, mode:LOCK, rate:0
2025-09-27 18:28:38, EXEC, v:1, k:toalha, mode:LOCK, rate:0
2025-09-27 18:28:38, EXEC, v:1, k:toalha, mode:LOCK, rate:0
2025-09-27 18:28:38, EXEC, v:1, k:toalha, mode:LOCK, rate:0
2025-09-27 18:28:38, EXEC, v:1, k:toalha, mode:LOCK, rate:0
2025-09-27 18:28:39, EXEC, v:1, k:toalha, mode:LOCK, rate:0
2025-09-27 18:28:39, EXEC, v:1, k:toalha, mode:LOCK, rate:0
2025-09-27 18:28:39, EXEC, v:1, k:toalha, mode:LOCK, rate:0
2025-09-27 18:28:40, EXEC, v:1, k:toalha, mode:LOCK, rate:0
2025-09-27 18:28:40, EXEC, v:1, k:toalha, mode:LOCK, rate:0
2025-09-27 18:28:41, EXEC, v:1, k:toalha, mode:LOCK, rate:0
2025-09-27 18:28:41, EXEC, v:1, k:toalha, mode:LOCK, rate:0
2025-09-27 18:28:41, EXEC, v:1, k:toalha, mode:LOCK, rate:0
2025-09-27 18:28:41, EXEC, v:1, k:toalha, mode:LOCK, rate:0
2025-09-27 18:50:43, EXEC, v:1, k:toalha, mode:LOCK, rate:0, size:61
2025-09-27 18:52:02, EXEC, v:1, k:toalha, mode:LOCK, rate:0, size:63
2025-09-27 18:52:03, EXEC, v:1, k:toalha, mode:LOCK, rate:0
2025-09-27 18:52:03, EXEC, v:1, k:toalha, mode:LOCK, rate:0
2025-09-27 18:52:03, EXEC, v:1, k:toalha, mode:LOCK, rate:0
2025-09-27 18:52:19, EXEC, v:1, k:toalha, mode:LOCK, rate:0
2025-09-27 18:54:57, EXEC, v:1, k:toalha, mode:LOCK, rate:0
2025-09-27 18:54:58, EXEC, v:1, k:toalha, mode:LOCK, rate:0
2025-09-27 18:54:58, EXEC, v:1, k:toalha, mode:LOCK, rate:0
2025-09-27 18:54:58, EXEC, v:1, k:toalha, mode:LOCK, rate:0
2025-09-27 18:54:58, EXEC, v:1, k:toalha, mode:LOCK, rate:0
2025-09-27 18:54:59, EXEC, v:1, k:toalha, mode:LOCK, rate:0
2025-09-27 18:54:59, EXEC, v:1, k:toalha, mode:LOCK, rate:0
2025-09-27 18:54:59, EXEC, v:1, k:toalha, mode:LOCK, rate:0
2025-09-27 19:00:20, MOVE, v:1, k:toalha, mode:PICK
2025-09-27 19:00:21, EXEC, v:1, k:toalha, mode:FREE
2025-09-27 19:04:50, MOVE, v:1, k:carro, mode:DOWN
2025-09-27 19:04:55, MOVE, v:1, k:toalha, mode:PICK
2025-09-27 19:04:58, EXEC, v:1, k:toalha, mode:FREE, size:63
2025-09-27 19:10:32, SELF, v:1, k:toalha, rate:100, guide:aula
2025-09-27 19:14:18, SELF, v:1, k:toalha, rate:100, guide:aula, alone:2, study:130
2025-09-27 19:15:53, MOVE, v:1, k:enxugar, mode:PICK
2025-09-27 19:25:10, SELF, v:1, k:toalha, rate:100, guide:aula, alone:2, study:130
2025-09-27 19:25:10, MOVE, v:1, k:toalha, mode:PICK
2025-09-27 19:25:11, MOVE, v:1, k:toalha, mode:BACK
2025-09-27 19:42:50, MOVE, v:1, k:enxugar, mode:BACK
2025-09-27 19:42:54, MOVE, v:1, k:enxugar, mode:PICK
2025-09-27 19:42:59, EXEC, v:1, k:enxugar, mode:FULL, rate:0, size:54
2025-09-27 19:43:32, EXEC, v:1, k:enxugar, mode:FULL, rate:0, size:54
2025-09-27 19:44:09, EXEC, v:1, k:enxugar, mode:FULL, rate:0, size:54
2025-09-27 19:44:28, EXEC, v:1, k:enxugar, mode:FULL, rate:0, size:54
2025-09-27 19:44:47, EXEC, v:1, k:enxugar, mode:FULL, rate:0, size:54
2025-09-27 19:45:18, EXEC, v:1, k:enxugar, mode:FULL, rate:0, size:54
2025-09-27 19:52:41, EXEC, v:1, k:enxugar, mode:FULL, rate:0, size:53
